{
  "0 debug pnpm:scope": {
    "selected": 1,
    "workspacePrefix": "F:\\my-project\\vu-design"
  },
  "1 error pnpm": {
    "reason": "end of the stream or a document separator is expected",
    "mark": {
      "name": null,
      "buffer": "packages\r\n  - 'packages/**' # 存放组件\r\n  - docs # 存放文档\r\n  - story # 测试组件\n",
      "position": 38,
      "line": 2,
      "column": 2,
      "snippet": " 1 | packages\n 2 |   - 'packages/**' # 存放组件\n 3 |   - docs # 存放文档\n-------^\n 4 |   - story # 测试组件"
    },
    "message": "end of the stream or a document separator is expected (3:3)\n\n 1 | packages\n 2 |   - 'packages/**' # 存放组件\n 3 |   - docs # 存放文档\n-------^\n 4 |   - story # 测试组件",
    "err": {
      "name": "pnpm",
      "message": "end of the stream or a document separator is expected (3:3)\n\n 1 | packages\n 2 |   - 'packages/**' # 存放组件\n 3 |   - docs # 存放文档\n-------^\n 4 |   - story # 测试组件",
      "stack": "pnpm: end of the stream or a document separator is expected (3:3)\n\n 1 | packages\n 2 |   - 'packages/**' # 存放组件\n 3 |   - docs # 存放文档\n-------^\n 4 |   - story # 测试组件\n    at generateError (C:\\Users\\Lenovo\\AppData\\Roaming\\npm\\node_modules\\pnpm\\dist\\pnpm.cjs:17659:14)\n    at throwError (C:\\Users\\Lenovo\\AppData\\Roaming\\npm\\node_modules\\pnpm\\dist\\pnpm.cjs:17662:13)\n    at readDocument (C:\\Users\\Lenovo\\AppData\\Roaming\\npm\\node_modules\\pnpm\\dist\\pnpm.cjs:18656:9)\n    at loadDocuments (C:\\Users\\Lenovo\\AppData\\Roaming\\npm\\node_modules\\pnpm\\dist\\pnpm.cjs:18684:9)\n    at Object.load (C:\\Users\\Lenovo\\AppData\\Roaming\\npm\\node_modules\\pnpm\\dist\\pnpm.cjs:18702:23)\n    at parse (C:\\Users\\Lenovo\\AppData\\Roaming\\npm\\node_modules\\pnpm\\dist\\pnpm.cjs:19443:32)\n    at C:\\Users\\Lenovo\\AppData\\Roaming\\npm\\node_modules\\pnpm\\dist\\pnpm.cjs:19444:81\n    at async requirePackagesManifest (C:\\Users\\Lenovo\\AppData\\Roaming\\npm\\node_modules\\pnpm\\dist\\pnpm.cjs:49244:16)\n    at async findWorkspacePackagesNoCheck (C:\\Users\\Lenovo\\AppData\\Roaming\\npm\\node_modules\\pnpm\\dist\\pnpm.cjs:49227:34)\n    at async exports2.default (C:\\Users\\Lenovo\\AppData\\Roaming\\npm\\node_modules\\pnpm\\dist\\pnpm.cjs:49217:20)"
    }
  }
}