{
  "0 debug pnpm:scope": {
    "selected": 1,
    "workspacePrefix": "F:\\my-project\\vu-design"
  },
  "1 debug pnpm:package-manifest": {
    "initial": {
      "name": "vu-design",
      "private": true,
      "scripts": {
        "test": "echo \"Error: no test specified\" && exit 1",
        "lint": "eslint --ext .ts,.tsx,.vue packages/**, stroy/**, utils/** --no-error-on-unmatched-pattern --quiet",
        "lint:fix": "eslint --ext .ts,.tsx,.vue packages/**, stroy/**, utils/** --no-error-on-unmatched-pattern --quiet --fix",
        "prepare": "husky install"
      },
      "author": "",
      "license": "ISC",
      "devDependencies": {
        "@commitlint/cli": "^16.2.1",
        "@commitlint/config-conventional": "^16.2.1",
        "@typescript-eslint/eslint-plugin": "^5.13.0",
        "@typescript-eslint/parser": "^5.13.0",
        "@vue/eslint-config-prettier": "^7.0.0",
        "@vue/eslint-config-typescript": "^10.0.0",
        "eslint": "7",
        "eslint-plugin-prettier": "^4.0.0",
        "eslint-plugin-vue": "^8.5.0",
        "mrm": "^3.0.10",
        "prettier": "^2.5.1",
        "typescript": "^4.6.2",
        "vue": "^3.2.31"
      },
      "dependencies": {
        "@vu-design/components": "workspace:^1.0.0",
        "@vu-design/theme-chalk": "workspace:^1.0.0",
        "@vu-design/utils": "workspace:^1.0.0"
      },
      "lint-staged": {
        "*.{ts,tsx,vue}": "eslint --cache --fix"
      }
    },
    "prefix": "F:\\my-project\\vu-design"
  },
  "2 debug pnpm:context": {
    "currentLockfileExists": true,
    "storeDir": "F:\\.pnpm-store\\v3",
    "virtualStoreDir": "F:\\my-project\\vu-design\\node_modules\\.pnpm"
  },
  "3 debug pnpm:stage": {
    "prefix": "F:\\my-project\\vu-design",
    "stage": "resolution_started"
  },
  "4 debug pnpm:_dependency_resolved": {
    "resolution": "link:packages/components",
    "wanted": {
      "dependentId": ".",
      "name": "@vu-design/components",
      "rawSpec": "workspace:^1.0.0"
    }
  },
  "5 debug pnpm:_dependency_resolved": {
    "resolution": "link:packages/theme-chalk",
    "wanted": {
      "dependentId": ".",
      "name": "@vu-design/theme-chalk",
      "rawSpec": "workspace:^1.0.0"
    }
  },
  "6 debug pnpm:_dependency_resolved": {
    "resolution": "link:packages/utils",
    "wanted": {
      "dependentId": ".",
      "name": "@vu-design/utils",
      "rawSpec": "workspace:^1.0.0"
    }
  },
  "7 debug pnpm:_dependency_resolved": {
    "resolution": "registry.npmmirror.com/@commitlint/cli/16.2.1",
    "wanted": {
      "dependentId": ".",
      "name": "@commitlint/cli",
      "rawSpec": "^16.2.1"
    }
  },
  "8 debug pnpm:_dependency_resolved": {
    "resolution": "registry.npmmirror.com/@commitlint/config-conventional/16.2.1",
    "wanted": {
      "dependentId": ".",
      "name": "@commitlint/config-conventional",
      "rawSpec": "^16.2.1"
    }
  },
  "9 debug pnpm:_dependency_resolved": {
    "resolution": "registry.npmmirror.com/@typescript-eslint/eslint-plugin/5.13.0",
    "wanted": {
      "dependentId": ".",
      "name": "@typescript-eslint/eslint-plugin",
      "rawSpec": "^5.13.0"
    }
  },
  "10 debug pnpm:_dependency_resolved": {
    "resolution": "registry.npmmirror.com/@typescript-eslint/parser/5.13.0",
    "wanted": {
      "dependentId": ".",
      "name": "@typescript-eslint/parser",
      "rawSpec": "^5.13.0"
    }
  },
  "11 debug pnpm:_dependency_resolved": {
    "resolution": "registry.npmmirror.com/@vue/eslint-config-prettier/7.0.0",
    "wanted": {
      "dependentId": ".",
      "name": "@vue/eslint-config-prettier",
      "rawSpec": "^7.0.0"
    }
  },
  "12 debug pnpm:_dependency_resolved": {
    "resolution": "registry.npmmirror.com/@vue/eslint-config-typescript/10.0.0",
    "wanted": {
      "dependentId": ".",
      "name": "@vue/eslint-config-typescript",
      "rawSpec": "^10.0.0"
    }
  },
  "13 debug pnpm:_dependency_resolved": {
    "resolution": "registry.npmmirror.com/eslint/7.32.0",
    "wanted": {
      "dependentId": ".",
      "name": "eslint",
      "rawSpec": "7"
    }
  },
  "14 debug pnpm:_dependency_resolved": {
    "resolution": "registry.npmmirror.com/eslint-plugin-prettier/4.0.0",
    "wanted": {
      "dependentId": ".",
      "name": "eslint-plugin-prettier",
      "rawSpec": "^4.0.0"
    }
  },
  "15 debug pnpm:_dependency_resolved": {
    "resolution": "registry.npmmirror.com/eslint-plugin-vue/8.5.0",
    "wanted": {
      "dependentId": ".",
      "name": "eslint-plugin-vue",
      "rawSpec": "^8.5.0"
    }
  },
  "16 debug pnpm:_dependency_resolved": {
    "resolution": "registry.npmmirror.com/mrm/3.0.10",
    "wanted": {
      "dependentId": ".",
      "name": "mrm",
      "rawSpec": "^3.0.10"
    }
  },
  "17 debug pnpm:_dependency_resolved": {
    "resolution": "registry.npmmirror.com/prettier/2.5.1",
    "wanted": {
      "dependentId": ".",
      "name": "prettier",
      "rawSpec": "^2.5.1"
    }
  },
  "18 debug pnpm:_dependency_resolved": {
    "resolution": "registry.npmmirror.com/typescript/4.6.2",
    "wanted": {
      "dependentId": ".",
      "name": "typescript",
      "rawSpec": "^4.6.2"
    }
  },
  "19 debug pnpm:_dependency_resolved": {
    "resolution": "registry.npmmirror.com/vue/3.2.31",
    "wanted": {
      "dependentId": ".",
      "name": "vue",
      "rawSpec": "^3.2.31"
    }
  },
  "20 debug pnpm:progress": {
    "packageId": "registry.npmmirror.com/@commitlint/cli/16.2.1",
    "requester": "F:\\my-project\\vu-design",
    "status": "found_in_store"
  },
  "21 debug pnpm:progress": {
    "packageId": "registry.npmmirror.com/@commitlint/cli/16.2.1",
    "requester": "F:\\my-project\\vu-design",
    "status": "resolved"
  },
  "22 debug pnpm:progress": {
    "packageId": "registry.npmmirror.com/@commitlint/config-conventional/16.2.1",
    "requester": "F:\\my-project\\vu-design",
    "status": "found_in_store"
  },
  "23 debug pnpm:progress": {
    "packageId": "registry.npmmirror.com/@commitlint/config-conventional/16.2.1",
    "requester": "F:\\my-project\\vu-design",
    "status": "resolved"
  },
  "24 debug pnpm:progress": {
    "packageId": "registry.npmmirror.com/@vue/eslint-config-prettier/7.0.0",
    "requester": "F:\\my-project\\vu-design",
    "status": "found_in_store"
  },
  "25 debug pnpm:progress": {
    "packageId": "registry.npmmirror.com/@vue/eslint-config-prettier/7.0.0",
    "requester": "F:\\my-project\\vu-design",
    "status": "resolved"
  },
  "26 debug pnpm:progress": {
    "packageId": "registry.npmmirror.com/@typescript-eslint/parser/5.13.0",
    "requester": "F:\\my-project\\vu-design",
    "status": "found_in_store"
  },
  "27 debug pnpm:progress": {
    "packageId": "registry.npmmirror.com/@typescript-eslint/parser/5.13.0",
    "requester": "F:\\my-project\\vu-design",
    "status": "resolved"
  },
  "28 debug pnpm:progress": {
    "packageId": "registry.npmmirror.com/@typescript-eslint/eslint-plugin/5.13.0",
    "requester": "F:\\my-project\\vu-design",
    "status": "found_in_store"
  },
  "29 debug pnpm:progress": {
    "packageId": "registry.npmmirror.com/@typescript-eslint/eslint-plugin/5.13.0",
    "requester": "F:\\my-project\\vu-design",
    "status": "resolved"
  },
  "30 debug pnpm:progress": {
    "packageId": "registry.npmmirror.com/@vue/eslint-config-typescript/10.0.0",
    "requester": "F:\\my-project\\vu-design",
    "status": "found_in_store"
  },
  "31 debug pnpm:progress": {
    "packageId": "registry.npmmirror.com/@vue/eslint-config-typescript/10.0.0",
    "requester": "F:\\my-project\\vu-design",
    "status": "resolved"
  },
  "32 debug pnpm:progress": {
    "packageId": "registry.npmmirror.com/eslint-plugin-prettier/4.0.0",
    "requester": "F:\\my-project\\vu-design",
    "status": "found_in_store"
  },
  "33 debug pnpm:progress": {
    "packageId": "registry.npmmirror.com/eslint-plugin-prettier/4.0.0",
    "requester": "F:\\my-project\\vu-design",
    "status": "resolved"
  },
  "34 debug pnpm:progress": {
    "packageId": "registry.npmmirror.com/eslint/7.32.0",
    "requester": "F:\\my-project\\vu-design",
    "status": "found_in_store"
  },
  "35 debug pnpm:progress": {
    "packageId": "registry.npmmirror.com/eslint/7.32.0",
    "requester": "F:\\my-project\\vu-design",
    "status": "resolved"
  },
  "36 debug pnpm:progress": {
    "packageId": "registry.npmmirror.com/mrm/3.0.10",
    "requester": "F:\\my-project\\vu-design",
    "status": "found_in_store"
  },
  "37 debug pnpm:progress": {
    "packageId": "registry.npmmirror.com/mrm/3.0.10",
    "requester": "F:\\my-project\\vu-design",
    "status": "resolved"
  },
  "38 debug pnpm:progress": {
    "packageId": "registry.npmmirror.com/eslint-plugin-vue/8.5.0",
    "requester": "F:\\my-project\\vu-design",
    "status": "found_in_store"
  },
  "39 debug pnpm:progress": {
    "packageId": "registry.npmmirror.com/eslint-plugin-vue/8.5.0",
    "requester": "F:\\my-project\\vu-design",
    "status": "resolved"
  },
  "40 debug pnpm:progress": {
    "packageId": "registry.npmmirror.com/prettier/2.5.1",
    "requester": "F:\\my-project\\vu-design",
    "status": "found_in_store"
  },
  "41 debug pnpm:progress": {
    "packageId": "registry.npmmirror.com/prettier/2.5.1",
    "requester": "F:\\my-project\\vu-design",
    "status": "resolved"
  },
  "42 debug pnpm:progress": {
    "packageId": "registry.npmmirror.com/typescript/4.6.2",
    "requester": "F:\\my-project\\vu-design",
    "status": "found_in_store"
  },
  "43 debug pnpm:progress": {
    "packageId": "registry.npmmirror.com/typescript/4.6.2",
    "requester": "F:\\my-project\\vu-design",
    "status": "resolved"
  },
  "44 debug pnpm:progress": {
    "packageId": "registry.npmmirror.com/vue/3.2.31",
    "requester": "F:\\my-project\\vu-design",
    "status": "found_in_store"
  },
  "45 debug pnpm:progress": {
    "packageId": "registry.npmmirror.com/vue/3.2.31",
    "requester": "F:\\my-project\\vu-design",
    "status": "resolved"
  },
  "46 error pnpm": {
    "code": "ERR_PNPM_FETCH_404",
    "hint": "@vu-design/hooks is not in the npm registry, or you have no permission to fetch it.\n\nNo authorization header was set for the request.",
    "request": {
      "url": "https://registry.npm.taobao.org/@vu-design%2Fhooks"
    },
    "response": {
      "size": 0
    },
    "pkgName": "@vu-design/hooks",
    "pkgsStack": [],
    "err": {
      "name": "pnpm",
      "message": "GET https://registry.npm.taobao.org/@vu-design%2Fhooks: Not Found - 404",
      "code": "ERR_PNPM_FETCH_404",
      "stack": "pnpm: GET https://registry.npm.taobao.org/@vu-design%2Fhooks: Not Found - 404\n    at RetryOperation._fn (C:\\Users\\Lenovo\\AppData\\Roaming\\npm\\node_modules\\pnpm\\dist\\pnpm.cjs:85680:19)\n    at processTicksAndRejections (internal/process/task_queues.js:95:5)"
    }
  }
}